# JRE version: Java(TM) SE Runtime Environment (7.0_45-b18) (build 1.7.0_45-b18)
# Java VM: Java HotSpot(TM) Client VM (24.45-b08 mixed mode linux-x86 )
Heap
 def new generation   total 9792K, used 2698K [0x6c700000, 0x6d1a0000, 0x7c700000)
  eden space 8704K,  23% used [0x6c700000, 0x6c8fd848, 0x6cf80000)
  from space 1088K,  60% used [0x6cf80000, 0x6d025048, 0x6d090000)
  to   space 1088K,   0% used [0x6d090000, 0x6d090000, 0x6d1a0000)
 tenured generation   total 21888K, used 12359K [0x7c700000, 0x7dc60000, 0x9c700000)
   the space 21888K,  56% used [0x7c700000, 0x7d311e98, 0x7d312000, 0x7dc60000)
 compacting perm gen  total 32768K, used 16938K [0x9c700000, 0x9e700000, 0xb4700000)
   the space 32768K,  51% used [0x9c700000, 0x9d78aae0, 0x9d78ac00, 0x9e700000)
GC Heap History (10 events):
Event: 2.894 GC heap before
{Heap before GC invocations=9 (full 0):
 def new generation   total 9792K, used 8747K [0x6c700000, 0x6d1a0000, 0x7c700000)
  eden space 8704K, 100% used [0x6c700000, 0x6cf80000, 0x6cf80000)
  from space 1088K,   4% used [0x6d090000, 0x6d09af20, 0x6d1a0000)
  to   space 1088K,   0% used [0x6cf80000, 0x6cf80000, 0x6d090000)
 tenured generation   total 21888K, used 8833K [0x7c700000, 0x7dc60000, 0x9c700000)
   the space 21888K,  40% used [0x7c700000, 0x7cfa04c0, 0x7cfa0600, 0x7dc60000)
 compacting perm gen  total 32768K, used 13685K [0x9c700000, 0x9e700000, 0xb4700000)
   the space 32768K,  41% used [0x9c700000, 0x9d45d778, 0x9d45d800, 0x9e700000)
No shared spaces configured.
Event: 2.900 GC heap after
Heap after GC invocations=10 (full 0):
 def new generation   total 9792K, used 759K [0x6c700000, 0x6d1a0000, 0x7c700000)
  eden space 8704K,   0% used [0x6c700000, 0x6c700000, 0x6cf80000)
  from space 1088K,  69% used [0x6cf80000, 0x6d03dda0, 0x6d090000)
  to   space 1088K,   0% used [0x6d090000, 0x6d090000, 0x6d1a0000)
 tenured generation   total 21888K, used 8833K [0x7c700000, 0x7dc60000, 0x9c700000)
   the space 21888K,  40% used [0x7c700000, 0x7cfa04c0, 0x7cfa0600, 0x7dc60000)
 compacting perm gen  total 32768K, used 13685K [0x9c700000, 0x9e700000, 0xb4700000)
   the space 32768K,  41% used [0x9c700000, 0x9d45d778, 0x9d45d800, 0x9e700000)
No shared spaces configured.
}
Event: 3.081 GC heap before
{Heap before GC invocations=10 (full 0):
 def new generation   total 9792K, used 9463K [0x6c700000, 0x6d1a0000, 0x7c700000)
  eden space 8704K, 100% used [0x6c700000, 0x6cf80000, 0x6cf80000)
  from space 1088K,  69% used [0x6cf80000, 0x6d03dda0, 0x6d090000)
  to   space 1088K,   0% used [0x6d090000, 0x6d090000, 0x6d1a0000)
 tenured generation   total 21888K, used 8833K [0x7c700000, 0x7dc60000, 0x9c700000)
   the space 21888K,  40% used [0x7c700000, 0x7cfa04c0, 0x7cfa0600, 0x7dc60000)
 compacting perm gen  total 32768K, used 14787K [0x9c700000, 0x9e700000, 0xb4700000)
   the space 32768K,  45% used [0x9c700000, 0x9d570eb0, 0x9d571000, 0x9e700000)
No shared spaces configured.
Event: 3.093 GC heap after
Heap after GC invocations=11 (full 0):
 def new generation   total 9792K, used 1088K [0x6c700000, 0x6d1a0000, 0x7c700000)
  eden space 8704K,   0% used [0x6c700000, 0x6c700000, 0x6cf80000)
  from space 1088K, 100% used [0x6d090000, 0x6d1a0000, 0x6d1a0000)
  to   space 1088K,   0% used [0x6cf80000, 0x6cf80000, 0x6d090000)
 tenured generation   total 21888K, used 9863K [0x7c700000, 0x7dc60000, 0x9c700000)
   the space 21888K,  45% used [0x7c700000, 0x7d0a1da8, 0x7d0a1e00, 0x7dc60000)
 compacting perm gen  total 32768K, used 14787K [0x9c700000, 0x9e700000, 0xb4700000)
   the space 32768K,  45% used [0x9c700000, 0x9d570eb0, 0x9d571000, 0x9e700000)
No shared spaces configured.
}
Event: 3.307 GC heap before
{Heap before GC invocations=11 (full 0):
 def new generation   total 9792K, used 9791K [0x6c700000, 0x6d1a0000, 0x7c700000)
  eden space 8704K,  99% used [0x6c700000, 0x6cf7ffb0, 0x6cf80000)
  from space 1088K, 100% used [0x6d090000, 0x6d1a0000, 0x6d1a0000)
  to   space 1088K,   0% used [0x6cf80000, 0x6cf80000, 0x6d090000)
 tenured generation   total 21888K, used 9863K [0x7c700000, 0x7dc60000, 0x9c700000)
   the space 21888K,  45% used [0x7c700000, 0x7d0a1da8, 0x7d0a1e00, 0x7dc60000)
 compacting perm gen  total 32768K, used 16004K [0x9c700000, 0x9e700000, 0xb4700000)
   the space 32768K,  48% used [0x9c700000, 0x9d6a13f8, 0x9d6a1400, 0x9e700000)
No shared spaces configured.
Event: 3.318 GC heap after
Heap after GC invocations=12 (full 0):
 def new generation   total 9792K, used 855K [0x6c700000, 0x6d1a0000, 0x7c700000)
  eden space 8704K,   0% used [0x6c700000, 0x6c700000, 0x6cf80000)
  from space 1088K,  78% used [0x6cf80000, 0x6d055cc8, 0x6d090000)
  to   space 1088K,   0% used [0x6d090000, 0x6d090000, 0x6d1a0000)
 tenured generation   total 21888K, used 10931K [0x7c700000, 0x7dc60000, 0x9c700000)
   the space 21888K,  49% used [0x7c700000, 0x7d1ace10, 0x7d1ad000, 0x7dc60000)
 compacting perm gen  total 32768K, used 16004K [0x9c700000, 0x9e700000, 0xb4700000)
   the space 32768K,  48% used [0x9c700000, 0x9d6a13f8, 0x9d6a1400, 0x9e700000)
No shared spaces configured.
}
Event: 3.410 GC heap before
{Heap before GC invocations=12 (full 0):
 def new generation   total 9792K, used 9559K [0x6c700000, 0x6d1a0000, 0x7c700000)
  eden space 8704K, 100% used [0x6c700000, 0x6cf80000, 0x6cf80000)
  from space 1088K,  78% used [0x6cf80000, 0x6d055cc8, 0x6d090000)
  to   space 1088K,   0% used [0x6d090000, 0x6d090000, 0x6d1a0000)
 tenured generation   total 21888K, used 10931K [0x7c700000, 0x7dc60000, 0x9c700000)
   the space 21888K,  49% used [0x7c700000, 0x7d1ace10, 0x7d1ad000, 0x7dc60000)
 compacting perm gen  total 32768K, used 16243K [0x9c700000, 0x9e700000, 0xb4700000)
   the space 32768K,  49% used [0x9c700000, 0x9d6dcd88, 0x9d6dce00, 0x9e700000)
No shared spaces configured.
Event: 3.419 GC heap after
Heap after GC invocations=13 (full 0):
 def new generation   total 9792K, used 707K [0x6c700000, 0x6d1a0000, 0x7c700000)
  eden space 8704K,   0% used [0x6c700000, 0x6c700000, 0x6cf80000)
  from space 1088K,  65% used [0x6d090000, 0x6d140fb0, 0x6d1a0000)
  to   space 1088K,   0% used [0x6cf80000, 0x6cf80000, 0x6d090000)
 tenured generation   total 21888K, used 11706K [0x7c700000, 0x7dc60000, 0x9c700000)
   the space 21888K,  53% used [0x7c700000, 0x7d26e848, 0x7d26ea00, 0x7dc60000)
 compacting perm gen  total 32768K, used 16243K [0x9c700000, 0x9e700000, 0xb4700000)
   the space 32768K,  49% used [0x9c700000, 0x9d6dcd88, 0x9d6dce00, 0x9e700000)
No shared spaces configured.
}
Event: 3.498 GC heap before
{Heap before GC invocations=13 (full 0):
 def new generation   total 9792K, used 9411K [0x6c700000, 0x6d1a0000, 0x7c700000)
  eden space 8704K, 100% used [0x6c700000, 0x6cf80000, 0x6cf80000)
  from space 1088K,  65% used [0x6d090000, 0x6d140fb0, 0x6d1a0000)
  to   space 1088K,   0% used [0x6cf80000, 0x6cf80000, 0x6d090000)
 tenured generation   total 21888K, used 11706K [0x7c700000, 0x7dc60000, 0x9c700000)
   the space 21888K,  53% used [0x7c700000, 0x7d26e848, 0x7d26ea00, 0x7dc60000)
 compacting perm gen  total 32768K, used 16707K [0x9c700000, 0x9e700000, 0xb4700000)
   the space 32768K,  50% used [0x9c700000, 0x9d750d78, 0x9d750e00, 0x9e700000)
No shared spaces configured.
Event: 3.506 GC heap after
Heap after GC invocations=14 (full 0):
 def new generation   total 9792K, used 660K [0x6c700000, 0x6d1a0000, 0x7c700000)
  eden space 8704K,   0% used [0x6c700000, 0x6c700000, 0x6cf80000)
  from space 1088K,  60% used [0x6cf80000, 0x6d025048, 0x6d090000)
  to   space 1088K,   0% used [0x6d090000, 0x6d090000, 0x6d1a0000)
 tenured generation   total 21888K, used 12359K [0x7c700000, 0x7dc60000, 0x9c700000)
   the space 21888K,  56% used [0x7c700000, 0x7d311e98, 0x7d312000, 0x7dc60000)
 compacting perm gen  total 32768K, used 16707K [0x9c700000, 0x9e700000, 0xb4700000)
   the space 32768K,  50% used [0x9c700000, 0x9d750d78, 0x9d750e00, 0x9e700000)
No shared spaces configured.
}

