# JRE version: Java(TM) SE Runtime Environment (7.0_45-b18) (build 1.7.0_45-b18)
# Java VM: Java HotSpot(TM) Client VM (24.45-b08 mixed mode linux-x86 )
Heap
 def new generation   total 9792K, used 2420K [0x6c720000, 0x6d1c0000, 0x7c720000)
  eden space 8704K,  20% used [0x6c720000, 0x6c8de2d8, 0x6cfa0000)
  from space 1088K,  58% used [0x6cfa0000, 0x6d03ef10, 0x6d0b0000)
  to   space 1088K,   0% used [0x6d0b0000, 0x6d0b0000, 0x6d1c0000)
 tenured generation   total 21888K, used 12970K [0x7c720000, 0x7dc80000, 0x9c720000)
   the space 21888K,  59% used [0x7c720000, 0x7d3ca980, 0x7d3caa00, 0x7dc80000)
 compacting perm gen  total 32768K, used 16934K [0x9c720000, 0x9e720000, 0xb4720000)
   the space 32768K,  51% used [0x9c720000, 0x9d7a9a60, 0x9d7a9c00, 0x9e720000)
GC Heap History (10 events):
Event: 3.297 GC heap before
{Heap before GC invocations=9 (full 0):
 def new generation   total 9792K, used 9676K [0x6c720000, 0x6d1c0000, 0x7c720000)
  eden space 8704K, 100% used [0x6c720000, 0x6cfa0000, 0x6cfa0000)
  from space 1088K,  89% used [0x6d0b0000, 0x6d1a32d0, 0x6d1c0000)
  to   space 1088K,   0% used [0x6cfa0000, 0x6cfa0000, 0x6d0b0000)
 tenured generation   total 21888K, used 8700K [0x7c720000, 0x7dc80000, 0x9c720000)
   the space 21888K,  39% used [0x7c720000, 0x7cf9f2b8, 0x7cf9f400, 0x7dc80000)
 compacting perm gen  total 32768K, used 13958K [0x9c720000, 0x9e720000, 0xb4720000)
   the space 32768K,  42% used [0x9c720000, 0x9d4c1940, 0x9d4c1a00, 0x9e720000)
No shared spaces configured.
Event: 3.322 GC heap after
Heap after GC invocations=10 (full 0):
 def new generation   total 9792K, used 940K [0x6c720000, 0x6d1c0000, 0x7c720000)
  eden space 8704K,   0% used [0x6c720000, 0x6c720000, 0x6cfa0000)
  from space 1088K,  86% used [0x6cfa0000, 0x6d08b1d0, 0x6d0b0000)
  to   space 1088K,   0% used [0x6d0b0000, 0x6d0b0000, 0x6d1c0000)
 tenured generation   total 21888K, used 9565K [0x7c720000, 0x7dc80000, 0x9c720000)
   the space 21888K,  43% used [0x7c720000, 0x7d077560, 0x7d077600, 0x7dc80000)
 compacting perm gen  total 32768K, used 13958K [0x9c720000, 0x9e720000, 0xb4720000)
   the space 32768K,  42% used [0x9c720000, 0x9d4c1940, 0x9d4c1a00, 0x9e720000)
No shared spaces configured.
}
Event: 3.495 GC heap before
{Heap before GC invocations=10 (full 0):
 def new generation   total 9792K, used 9644K [0x6c720000, 0x6d1c0000, 0x7c720000)
  eden space 8704K, 100% used [0x6c720000, 0x6cfa0000, 0x6cfa0000)
  from space 1088K,  86% used [0x6cfa0000, 0x6d08b1d0, 0x6d0b0000)
  to   space 1088K,   0% used [0x6d0b0000, 0x6d0b0000, 0x6d1c0000)
 tenured generation   total 21888K, used 9565K [0x7c720000, 0x7dc80000, 0x9c720000)
   the space 21888K,  43% used [0x7c720000, 0x7d077560, 0x7d077600, 0x7dc80000)
 compacting perm gen  total 32768K, used 14762K [0x9c720000, 0x9e720000, 0xb4720000)
   the space 32768K,  45% used [0x9c720000, 0x9d58aaa8, 0x9d58ac00, 0x9e720000)
No shared spaces configured.
Event: 3.507 GC heap after
Heap after GC invocations=11 (full 0):
 def new generation   total 9792K, used 1088K [0x6c720000, 0x6d1c0000, 0x7c720000)
  eden space 8704K,   0% used [0x6c720000, 0x6c720000, 0x6cfa0000)
  from space 1088K, 100% used [0x6d0b0000, 0x6d1c0000, 0x6d1c0000)
  to   space 1088K,   0% used [0x6cfa0000, 0x6cfa0000, 0x6d0b0000)
 tenured generation   total 21888K, used 10444K [0x7c720000, 0x7dc80000, 0x9c720000)
   the space 21888K,  47% used [0x7c720000, 0x7d1531d8, 0x7d153200, 0x7dc80000)
 compacting perm gen  total 32768K, used 14762K [0x9c720000, 0x9e720000, 0xb4720000)
   the space 32768K,  45% used [0x9c720000, 0x9d58aaa8, 0x9d58ac00, 0x9e720000)
No shared spaces configured.
}
Event: 3.718 GC heap before
{Heap before GC invocations=11 (full 0):
 def new generation   total 9792K, used 9792K [0x6c720000, 0x6d1c0000, 0x7c720000)
  eden space 8704K, 100% used [0x6c720000, 0x6cfa0000, 0x6cfa0000)
  from space 1088K, 100% used [0x6d0b0000, 0x6d1c0000, 0x6d1c0000)
  to   space 1088K,   0% used [0x6cfa0000, 0x6cfa0000, 0x6d0b0000)
 tenured generation   total 21888K, used 10444K [0x7c720000, 0x7dc80000, 0x9c720000)
   the space 21888K,  47% used [0x7c720000, 0x7d1531d8, 0x7d153200, 0x7dc80000)
 compacting perm gen  total 32768K, used 16003K [0x9c720000, 0x9e720000, 0xb4720000)
   the space 32768K,  48% used [0x9c720000, 0x9d6c0d60, 0x9d6c0e00, 0x9e720000)
No shared spaces configured.
Event: 3.730 GC heap after
Heap after GC invocations=12 (full 0):
 def new generation   total 9792K, used 908K [0x6c720000, 0x6d1c0000, 0x7c720000)
  eden space 8704K,   0% used [0x6c720000, 0x6c720000, 0x6cfa0000)
  from space 1088K,  83% used [0x6cfa0000, 0x6d0831c8, 0x6d0b0000)
  to   space 1088K,   0% used [0x6d0b0000, 0x6d0b0000, 0x6d1c0000)
 tenured generation   total 21888K, used 11507K [0x7c720000, 0x7dc80000, 0x9c720000)
   the space 21888K,  52% used [0x7c720000, 0x7d25cd70, 0x7d25ce00, 0x7dc80000)
 compacting perm gen  total 32768K, used 16003K [0x9c720000, 0x9e720000, 0xb4720000)
   the space 32768K,  48% used [0x9c720000, 0x9d6c0d60, 0x9d6c0e00, 0x9e720000)
No shared spaces configured.
}
Event: 3.829 GC heap before
{Heap before GC invocations=12 (full 0):
 def new generation   total 9792K, used 9612K [0x6c720000, 0x6d1c0000, 0x7c720000)
  eden space 8704K, 100% used [0x6c720000, 0x6cfa0000, 0x6cfa0000)
  from space 1088K,  83% used [0x6cfa0000, 0x6d0831c8, 0x6d0b0000)
  to   space 1088K,   0% used [0x6d0b0000, 0x6d0b0000, 0x6d1c0000)
 tenured generation   total 21888K, used 11507K [0x7c720000, 0x7dc80000, 0x9c720000)
   the space 21888K,  52% used [0x7c720000, 0x7d25cd70, 0x7d25ce00, 0x7dc80000)
 compacting perm gen  total 32768K, used 16240K [0x9c720000, 0x9e720000, 0xb4720000)
   the space 32768K,  49% used [0x9c720000, 0x9d6fc0f0, 0x9d6fc200, 0x9e720000)
No shared spaces configured.
Event: 3.838 GC heap after
Heap after GC invocations=13 (full 0):
 def new generation   total 9792K, used 675K [0x6c720000, 0x6d1c0000, 0x7c720000)
  eden space 8704K,   0% used [0x6c720000, 0x6c720000, 0x6cfa0000)
  from space 1088K,  62% used [0x6d0b0000, 0x6d158ce8, 0x6d1c0000)
  to   space 1088K,   0% used [0x6cfa0000, 0x6cfa0000, 0x6d0b0000)
 tenured generation   total 21888K, used 12336K [0x7c720000, 0x7dc80000, 0x9c720000)
   the space 21888K,  56% used [0x7c720000, 0x7d32c0a0, 0x7d32c200, 0x7dc80000)
 compacting perm gen  total 32768K, used 16240K [0x9c720000, 0x9e720000, 0xb4720000)
   the space 32768K,  49% used [0x9c720000, 0x9d6fc0f0, 0x9d6fc200, 0x9e720000)
No shared spaces configured.
}
Event: 3.971 GC heap before
{Heap before GC invocations=13 (full 0):
 def new generation   total 9792K, used 9379K [0x6c720000, 0x6d1c0000, 0x7c720000)
  eden space 8704K, 100% used [0x6c720000, 0x6cfa0000, 0x6cfa0000)
  from space 1088K,  62% used [0x6d0b0000, 0x6d158ce8, 0x6d1c0000)
  to   space 1088K,   0% used [0x6cfa0000, 0x6cfa0000, 0x6d0b0000)
 tenured generation   total 21888K, used 12336K [0x7c720000, 0x7dc80000, 0x9c720000)
   the space 21888K,  56% used [0x7c720000, 0x7d32c0a0, 0x7d32c200, 0x7dc80000)
 compacting perm gen  total 32768K, used 16848K [0x9c720000, 0x9e720000, 0xb4720000)
   the space 32768K,  51% used [0x9c720000, 0x9d794288, 0x9d794400, 0x9e720000)
No shared spaces configured.
Event: 3.980 GC heap after
Heap after GC invocations=14 (full 0):
 def new generation   total 9792K, used 635K [0x6c720000, 0x6d1c0000, 0x7c720000)
  eden space 8704K,   0% used [0x6c720000, 0x6c720000, 0x6cfa0000)
  from space 1088K,  58% used [0x6cfa0000, 0x6d03ef10, 0x6d0b0000)
  to   space 1088K,   0% used [0x6d0b0000, 0x6d0b0000, 0x6d1c0000)
 tenured generation   total 21888K, used 12970K [0x7c720000, 0x7dc80000, 0x9c720000)
   the space 21888K,  59% used [0x7c720000, 0x7d3ca980, 0x7d3caa00, 0x7dc80000)
 compacting perm gen  total 32768K, used 16848K [0x9c720000, 0x9e720000, 0xb4720000)
   the space 32768K,  51% used [0x9c720000, 0x9d794288, 0x9d794400, 0x9e720000)
No shared spaces configured.
}

