# JRE version: Java(TM) SE Runtime Environment (7.0_45-b18) (build 1.7.0_45-b18)
# Java VM: Java HotSpot(TM) Client VM (24.45-b08 mixed mode linux-x86 )
Heap
 def new generation   total 9792K, used 3986K [0x6c780000, 0x6d220000, 0x7c780000)
  eden space 8704K,  39% used [0x6c780000, 0x6cad49b0, 0x6d000000)
  from space 1088K,  58% used [0x6d110000, 0x6d1ae6e8, 0x6d220000)
  to   space 1088K,   0% used [0x6d000000, 0x6d000000, 0x6d110000)
 tenured generation   total 21888K, used 12168K [0x7c780000, 0x7dce0000, 0x9c780000)
   the space 21888K,  55% used [0x7c780000, 0x7d362328, 0x7d362400, 0x7dce0000)
 compacting perm gen  total 32768K, used 16947K [0x9c780000, 0x9e780000, 0xb4780000)
   the space 32768K,  51% used [0x9c780000, 0x9d80cfe8, 0x9d80d000, 0x9e780000)
GC Heap History (10 events):
Event: 3.963 GC heap before
{Heap before GC invocations=8 (full 0):
 def new generation   total 9792K, used 9614K [0x6c780000, 0x6d220000, 0x7c780000)
  eden space 8704K, 100% used [0x6c780000, 0x6d000000, 0x6d000000)
  from space 1088K,  83% used [0x6d000000, 0x6d0e38b8, 0x6d110000)
  to   space 1088K,   0% used [0x6d110000, 0x6d110000, 0x6d220000)
 tenured generation   total 21888K, used 7947K [0x7c780000, 0x7dce0000, 0x9c780000)
   the space 21888K,  36% used [0x7c780000, 0x7cf42db0, 0x7cf42e00, 0x7dce0000)
 compacting perm gen  total 32768K, used 13740K [0x9c780000, 0x9e780000, 0xb4780000)
   the space 32768K,  41% used [0x9c780000, 0x9d4eb3f0, 0x9d4eb400, 0x9e780000)
No shared spaces configured.
Event: 3.976 GC heap after
Heap after GC invocations=9 (full 0):
 def new generation   total 9792K, used 860K [0x6c780000, 0x6d220000, 0x7c780000)
  eden space 8704K,   0% used [0x6c780000, 0x6c780000, 0x6d000000)
  from space 1088K,  79% used [0x6d110000, 0x6d1e72c0, 0x6d220000)
  to   space 1088K,   0% used [0x6d000000, 0x6d000000, 0x6d110000)
 tenured generation   total 21888K, used 8779K [0x7c780000, 0x7dce0000, 0x9c780000)
   the space 21888K,  40% used [0x7c780000, 0x7d012c48, 0x7d012e00, 0x7dce0000)
 compacting perm gen  total 32768K, used 13740K [0x9c780000, 0x9e780000, 0xb4780000)
   the space 32768K,  41% used [0x9c780000, 0x9d4eb3f0, 0x9d4eb400, 0x9e780000)
No shared spaces configured.
}
Event: 4.333 GC heap before
{Heap before GC invocations=9 (full 0):
 def new generation   total 9792K, used 9564K [0x6c780000, 0x6d220000, 0x7c780000)
  eden space 8704K, 100% used [0x6c780000, 0x6d000000, 0x6d000000)
  from space 1088K,  79% used [0x6d110000, 0x6d1e72c0, 0x6d220000)
  to   space 1088K,   0% used [0x6d000000, 0x6d000000, 0x6d110000)
 tenured generation   total 21888K, used 8779K [0x7c780000, 0x7dce0000, 0x9c780000)
   the space 21888K,  40% used [0x7c780000, 0x7d012c48, 0x7d012e00, 0x7dce0000)
 compacting perm gen  total 32768K, used 14762K [0x9c780000, 0x9e780000, 0xb4780000)
   the space 32768K,  45% used [0x9c780000, 0x9d5eab08, 0x9d5eac00, 0x9e780000)
No shared spaces configured.
Event: 4.350 GC heap after
Heap after GC invocations=10 (full 0):
 def new generation   total 9792K, used 1088K [0x6c780000, 0x6d220000, 0x7c780000)
  eden space 8704K,   0% used [0x6c780000, 0x6c780000, 0x6d000000)
  from space 1088K, 100% used [0x6d000000, 0x6d110000, 0x6d110000)
  to   space 1088K,   0% used [0x6d110000, 0x6d110000, 0x6d220000)
 tenured generation   total 21888K, used 9761K [0x7c780000, 0x7dce0000, 0x9c780000)
   the space 21888K,  44% used [0x7c780000, 0x7d1085e8, 0x7d108600, 0x7dce0000)
 compacting perm gen  total 32768K, used 14762K [0x9c780000, 0x9e780000, 0xb4780000)
   the space 32768K,  45% used [0x9c780000, 0x9d5eab08, 0x9d5eac00, 0x9e780000)
No shared spaces configured.
}
Event: 4.657 GC heap before
{Heap before GC invocations=10 (full 0):
 def new generation   total 9792K, used 9792K [0x6c780000, 0x6d220000, 0x7c780000)
  eden space 8704K, 100% used [0x6c780000, 0x6d000000, 0x6d000000)
  from space 1088K, 100% used [0x6d000000, 0x6d110000, 0x6d110000)
  to   space 1088K,   0% used [0x6d110000, 0x6d110000, 0x6d220000)
 tenured generation   total 21888K, used 9761K [0x7c780000, 0x7dce0000, 0x9c780000)
   the space 21888K,  44% used [0x7c780000, 0x7d1085e8, 0x7d108600, 0x7dce0000)
 compacting perm gen  total 32768K, used 15981K [0x9c780000, 0x9e780000, 0xb4780000)
   the space 32768K,  48% used [0x9c780000, 0x9d71b700, 0x9d71b800, 0x9e780000)
No shared spaces configured.
Event: 4.673 GC heap after
Heap after GC invocations=11 (full 0):
 def new generation   total 9792K, used 876K [0x6c780000, 0x6d220000, 0x7c780000)
  eden space 8704K,   0% used [0x6c780000, 0x6c780000, 0x6d000000)
  from space 1088K,  80% used [0x6d110000, 0x6d1eb060, 0x6d220000)
  to   space 1088K,   0% used [0x6d000000, 0x6d000000, 0x6d110000)
 tenured generation   total 21888K, used 10826K [0x7c780000, 0x7dce0000, 0x9c780000)
   the space 21888K,  49% used [0x7c780000, 0x7d212b20, 0x7d212c00, 0x7dce0000)
 compacting perm gen  total 32768K, used 15981K [0x9c780000, 0x9e780000, 0xb4780000)
   the space 32768K,  48% used [0x9c780000, 0x9d71b700, 0x9d71b800, 0x9e780000)
No shared spaces configured.
}
Event: 4.817 GC heap before
{Heap before GC invocations=11 (full 0):
 def new generation   total 9792K, used 9580K [0x6c780000, 0x6d220000, 0x7c780000)
  eden space 8704K, 100% used [0x6c780000, 0x6d000000, 0x6d000000)
  from space 1088K,  80% used [0x6d110000, 0x6d1eb060, 0x6d220000)
  to   space 1088K,   0% used [0x6d000000, 0x6d000000, 0x6d110000)
 tenured generation   total 21888K, used 10826K [0x7c780000, 0x7dce0000, 0x9c780000)
   the space 21888K,  49% used [0x7c780000, 0x7d212b20, 0x7d212c00, 0x7dce0000)
 compacting perm gen  total 32768K, used 16220K [0x9c780000, 0x9e780000, 0xb4780000)
   the space 32768K,  49% used [0x9c780000, 0x9d7570a0, 0x9d757200, 0x9e780000)
No shared spaces configured.
Event: 4.840 GC heap after
Heap after GC invocations=12 (full 0):
 def new generation   total 9792K, used 690K [0x6c780000, 0x6d220000, 0x7c780000)
  eden space 8704K,   0% used [0x6c780000, 0x6c780000, 0x6d000000)
  from space 1088K,  63% used [0x6d000000, 0x6d0acbc0, 0x6d110000)
  to   space 1088K,   0% used [0x6d110000, 0x6d110000, 0x6d220000)
 tenured generation   total 21888K, used 11621K [0x7c780000, 0x7dce0000, 0x9c780000)
   the space 21888K,  53% used [0x7c780000, 0x7d2d9568, 0x7d2d9600, 0x7dce0000)
 compacting perm gen  total 32768K, used 16220K [0x9c780000, 0x9e780000, 0xb4780000)
   the space 32768K,  49% used [0x9c780000, 0x9d7570a0, 0x9d757200, 0x9e780000)
No shared spaces configured.
}
Event: 5.111 GC heap before
{Heap before GC invocations=12 (full 0):
 def new generation   total 9792K, used 9394K [0x6c780000, 0x6d220000, 0x7c780000)
  eden space 8704K, 100% used [0x6c780000, 0x6d000000, 0x6d000000)
  from space 1088K,  63% used [0x6d000000, 0x6d0acbc0, 0x6d110000)
  to   space 1088K,   0% used [0x6d110000, 0x6d110000, 0x6d220000)
 tenured generation   total 21888K, used 11621K [0x7c780000, 0x7dce0000, 0x9c780000)
   the space 21888K,  53% used [0x7c780000, 0x7d2d9568, 0x7d2d9600, 0x7dce0000)
 compacting perm gen  total 32768K, used 16688K [0x9c780000, 0x9e780000, 0xb4780000)
   the space 32768K,  50% used [0x9c780000, 0x9d7cc170, 0x9d7cc200, 0x9e780000)
No shared spaces configured.
Event: 5.125 GC heap after
Heap after GC invocations=13 (full 0):
 def new generation   total 9792K, used 633K [0x6c780000, 0x6d220000, 0x7c780000)
  eden space 8704K,   0% used [0x6c780000, 0x6c780000, 0x6d000000)
  from space 1088K,  58% used [0x6d110000, 0x6d1ae6e8, 0x6d220000)
  to   space 1088K,   0% used [0x6d000000, 0x6d000000, 0x6d110000)
 tenured generation   total 21888K, used 12168K [0x7c780000, 0x7dce0000, 0x9c780000)
   the space 21888K,  55% used [0x7c780000, 0x7d362328, 0x7d362400, 0x7dce0000)
 compacting perm gen  total 32768K, used 16688K [0x9c780000, 0x9e780000, 0xb4780000)
   the space 32768K,  50% used [0x9c780000, 0x9d7cc170, 0x9d7cc200, 0x9e780000)
No shared spaces configured.
}

