# JRE version: Java(TM) SE Runtime Environment (7.0_45-b18) (build 1.7.0_45-b18)
# Java VM: Java HotSpot(TM) Client VM (24.45-b08 mixed mode linux-x86 )
Heap
 def new generation   total 9792K, used 3625K [0x6c780000, 0x6d220000, 0x7c780000)
  eden space 8704K,  33% used [0x6c780000, 0x6ca61730, 0x6d000000)
  from space 1088K,  62% used [0x6d110000, 0x6d1b90a8, 0x6d220000)
  to   space 1088K,   0% used [0x6d000000, 0x6d000000, 0x6d110000)
 tenured generation   total 21888K, used 12167K [0x7c780000, 0x7dce0000, 0x9c780000)
   the space 21888K,  55% used [0x7c780000, 0x7d361da8, 0x7d361e00, 0x7dce0000)
 compacting perm gen  total 32768K, used 16940K [0x9c780000, 0x9e780000, 0xb4780000)
   the space 32768K,  51% used [0x9c780000, 0x9d80b010, 0x9d80b200, 0x9e780000)
GC Heap History (10 events):
Event: 4.653 GC heap before
{Heap before GC invocations=8 (full 0):
 def new generation   total 9792K, used 9676K [0x6c780000, 0x6d220000, 0x7c780000)
  eden space 8704K, 100% used [0x6c780000, 0x6d000000, 0x6d000000)
  from space 1088K,  89% used [0x6d000000, 0x6d0f3358, 0x6d110000)
  to   space 1088K,   0% used [0x6d110000, 0x6d110000, 0x6d220000)
 tenured generation   total 21888K, used 7951K [0x7c780000, 0x7dce0000, 0x9c780000)
   the space 21888K,  36% used [0x7c780000, 0x7cf43de8, 0x7cf43e00, 0x7dce0000)
 compacting perm gen  total 32768K, used 13765K [0x9c780000, 0x9e780000, 0xb4780000)
   the space 32768K,  42% used [0x9c780000, 0x9d4f1680, 0x9d4f1800, 0x9e780000)
No shared spaces configured.
Event: 4.666 GC heap after
Heap after GC invocations=9 (full 0):
 def new generation   total 9792K, used 870K [0x6c780000, 0x6d220000, 0x7c780000)
  eden space 8704K,   0% used [0x6c780000, 0x6c780000, 0x6d000000)
  from space 1088K,  80% used [0x6d110000, 0x6d1e99b8, 0x6d220000)
  to   space 1088K,   0% used [0x6d000000, 0x6d000000, 0x6d110000)
 tenured generation   total 21888K, used 8807K [0x7c780000, 0x7dce0000, 0x9c780000)
   the space 21888K,  40% used [0x7c780000, 0x7d019c38, 0x7d019e00, 0x7dce0000)
 compacting perm gen  total 32768K, used 13765K [0x9c780000, 0x9e780000, 0xb4780000)
   the space 32768K,  42% used [0x9c780000, 0x9d4f1680, 0x9d4f1800, 0x9e780000)
No shared spaces configured.
}
Event: 4.930 GC heap before
{Heap before GC invocations=9 (full 0):
 def new generation   total 9792K, used 9574K [0x6c780000, 0x6d220000, 0x7c780000)
  eden space 8704K, 100% used [0x6c780000, 0x6d000000, 0x6d000000)
  from space 1088K,  80% used [0x6d110000, 0x6d1e99b8, 0x6d220000)
  to   space 1088K,   0% used [0x6d000000, 0x6d000000, 0x6d110000)
 tenured generation   total 21888K, used 8807K [0x7c780000, 0x7dce0000, 0x9c780000)
   the space 21888K,  40% used [0x7c780000, 0x7d019c38, 0x7d019e00, 0x7dce0000)
 compacting perm gen  total 32768K, used 14754K [0x9c780000, 0x9e780000, 0xb4780000)
   the space 32768K,  45% used [0x9c780000, 0x9d5e8b00, 0x9d5e8c00, 0x9e780000)
No shared spaces configured.
Event: 4.948 GC heap after
Heap after GC invocations=10 (full 0):
 def new generation   total 9792K, used 1088K [0x6c780000, 0x6d220000, 0x7c780000)
  eden space 8704K,   0% used [0x6c780000, 0x6c780000, 0x6d000000)
  from space 1088K, 100% used [0x6d000000, 0x6d110000, 0x6d110000)
  to   space 1088K,   0% used [0x6d110000, 0x6d110000, 0x6d220000)
 tenured generation   total 21888K, used 9747K [0x7c780000, 0x7dce0000, 0x9c780000)
   the space 21888K,  44% used [0x7c780000, 0x7d104d98, 0x7d104e00, 0x7dce0000)
 compacting perm gen  total 32768K, used 14754K [0x9c780000, 0x9e780000, 0xb4780000)
   the space 32768K,  45% used [0x9c780000, 0x9d5e8b00, 0x9d5e8c00, 0x9e780000)
No shared spaces configured.
}
Event: 5.328 GC heap before
{Heap before GC invocations=10 (full 0):
 def new generation   total 9792K, used 9792K [0x6c780000, 0x6d220000, 0x7c780000)
  eden space 8704K, 100% used [0x6c780000, 0x6d000000, 0x6d000000)
  from space 1088K, 100% used [0x6d000000, 0x6d110000, 0x6d110000)
  to   space 1088K,   0% used [0x6d110000, 0x6d110000, 0x6d220000)
 tenured generation   total 21888K, used 9747K [0x7c780000, 0x7dce0000, 0x9c780000)
   the space 21888K,  44% used [0x7c780000, 0x7d104d98, 0x7d104e00, 0x7dce0000)
 compacting perm gen  total 32768K, used 15973K [0x9c780000, 0x9e780000, 0xb4780000)
   the space 32768K,  48% used [0x9c780000, 0x9d719718, 0x9d719800, 0x9e780000)
No shared spaces configured.
Event: 5.340 GC heap after
Heap after GC invocations=11 (full 0):
 def new generation   total 9792K, used 886K [0x6c780000, 0x6d220000, 0x7c780000)
  eden space 8704K,   0% used [0x6c780000, 0x6c780000, 0x6d000000)
  from space 1088K,  81% used [0x6d110000, 0x6d1edb90, 0x6d220000)
  to   space 1088K,   0% used [0x6d000000, 0x6d000000, 0x6d110000)
 tenured generation   total 21888K, used 10812K [0x7c780000, 0x7dce0000, 0x9c780000)
   the space 21888K,  49% used [0x7c780000, 0x7d20f1d8, 0x7d20f200, 0x7dce0000)
 compacting perm gen  total 32768K, used 15973K [0x9c780000, 0x9e780000, 0xb4780000)
   the space 32768K,  48% used [0x9c780000, 0x9d719718, 0x9d719800, 0x9e780000)
No shared spaces configured.
}
Event: 5.480 GC heap before
{Heap before GC invocations=11 (full 0):
 def new generation   total 9792K, used 9590K [0x6c780000, 0x6d220000, 0x7c780000)
  eden space 8704K, 100% used [0x6c780000, 0x6d000000, 0x6d000000)
  from space 1088K,  81% used [0x6d110000, 0x6d1edb90, 0x6d220000)
  to   space 1088K,   0% used [0x6d000000, 0x6d000000, 0x6d110000)
 tenured generation   total 21888K, used 10812K [0x7c780000, 0x7dce0000, 0x9c780000)
   the space 21888K,  49% used [0x7c780000, 0x7d20f1d8, 0x7d20f200, 0x7dce0000)
 compacting perm gen  total 32768K, used 16212K [0x9c780000, 0x9e780000, 0xb4780000)
   the space 32768K,  49% used [0x9c780000, 0x9d7550b8, 0x9d755200, 0x9e780000)
No shared spaces configured.
Event: 5.490 GC heap after
Heap after GC invocations=12 (full 0):
 def new generation   total 9792K, used 690K [0x6c780000, 0x6d220000, 0x7c780000)
  eden space 8704K,   0% used [0x6c780000, 0x6c780000, 0x6d000000)
  from space 1088K,  63% used [0x6d000000, 0x6d0acbe8, 0x6d110000)
  to   space 1088K,   0% used [0x6d110000, 0x6d110000, 0x6d220000)
 tenured generation   total 21888K, used 11618K [0x7c780000, 0x7dce0000, 0x9c780000)
   the space 21888K,  53% used [0x7c780000, 0x7d2d8af8, 0x7d2d8c00, 0x7dce0000)
 compacting perm gen  total 32768K, used 16212K [0x9c780000, 0x9e780000, 0xb4780000)
   the space 32768K,  49% used [0x9c780000, 0x9d7550b8, 0x9d755200, 0x9e780000)
No shared spaces configured.
}
Event: 5.657 GC heap before
{Heap before GC invocations=12 (full 0):
 def new generation   total 9792K, used 9394K [0x6c780000, 0x6d220000, 0x7c780000)
  eden space 8704K, 100% used [0x6c780000, 0x6d000000, 0x6d000000)
  from space 1088K,  63% used [0x6d000000, 0x6d0acbe8, 0x6d110000)
  to   space 1088K,   0% used [0x6d110000, 0x6d110000, 0x6d220000)
 tenured generation   total 21888K, used 11618K [0x7c780000, 0x7dce0000, 0x9c780000)
   the space 21888K,  53% used [0x7c780000, 0x7d2d8af8, 0x7d2d8c00, 0x7dce0000)
 compacting perm gen  total 32768K, used 16679K [0x9c780000, 0x9e780000, 0xb4780000)
   the space 32768K,  50% used [0x9c780000, 0x9d7c9e58, 0x9d7ca000, 0x9e780000)
No shared spaces configured.
Event: 5.668 GC heap after
Heap after GC invocations=13 (full 0):
 def new generation   total 9792K, used 676K [0x6c780000, 0x6d220000, 0x7c780000)
  eden space 8704K,   0% used [0x6c780000, 0x6c780000, 0x6d000000)
  from space 1088K,  62% used [0x6d110000, 0x6d1b90a8, 0x6d220000)
  to   space 1088K,   0% used [0x6d000000, 0x6d000000, 0x6d110000)
 tenured generation   total 21888K, used 12167K [0x7c780000, 0x7dce0000, 0x9c780000)
   the space 21888K,  55% used [0x7c780000, 0x7d361da8, 0x7d361e00, 0x7dce0000)
 compacting perm gen  total 32768K, used 16679K [0x9c780000, 0x9e780000, 0xb4780000)
   the space 32768K,  50% used [0x9c780000, 0x9d7c9e58, 0x9d7ca000, 0x9e780000)
No shared spaces configured.
}

