# JRE version: Java(TM) SE Runtime Environment (7.0_45-b18) (build 1.7.0_45-b18)
# Java VM: Java HotSpot(TM) Client VM (24.45-b08 mixed mode linux-x86 )
Heap
 def new generation   total 9792K, used 3683K [0x6c740000, 0x6d1e0000, 0x7c740000)
  eden space 8704K,  34% used [0x6c740000, 0x6ca2d728, 0x6cfc0000)
  from space 1088K,  63% used [0x6d0d0000, 0x6d17b800, 0x6d1e0000)
  to   space 1088K,   0% used [0x6cfc0000, 0x6cfc0000, 0x6d0d0000)
 tenured generation   total 21888K, used 12221K [0x7c740000, 0x7dca0000, 0x9c740000)
   the space 21888K,  55% used [0x7c740000, 0x7d32f540, 0x7d32f600, 0x7dca0000)
 compacting perm gen  total 32768K, used 16949K [0x9c740000, 0x9e740000, 0xb4740000)
   the space 32768K,  51% used [0x9c740000, 0x9d7cd740, 0x9d7cd800, 0x9e740000)
GC Heap History (10 events):
Event: 2.383 GC heap before
{Heap before GC invocations=8 (full 0):
 def new generation   total 9792K, used 9613K [0x6c740000, 0x6d1e0000, 0x7c740000)
  eden space 8704K, 100% used [0x6c740000, 0x6cfc0000, 0x6cfc0000)
  from space 1088K,  83% used [0x6cfc0000, 0x6d0a3798, 0x6d0d0000)
  to   space 1088K,   0% used [0x6d0d0000, 0x6d0d0000, 0x6d1e0000)
 tenured generation   total 21888K, used 7940K [0x7c740000, 0x7dca0000, 0x9c740000)
   the space 21888K,  36% used [0x7c740000, 0x7cf01358, 0x7cf01400, 0x7dca0000)
 compacting perm gen  total 32768K, used 13719K [0x9c740000, 0x9e740000, 0xb4740000)
   the space 32768K,  41% used [0x9c740000, 0x9d4a5ea8, 0x9d4a6000, 0x9e740000)
No shared spaces configured.
Event: 2.396 GC heap after
Heap after GC invocations=9 (full 0):
 def new generation   total 9792K, used 799K [0x6c740000, 0x6d1e0000, 0x7c740000)
  eden space 8704K,   0% used [0x6c740000, 0x6c740000, 0x6cfc0000)
  from space 1088K,  73% used [0x6d0d0000, 0x6d197c58, 0x6d1e0000)
  to   space 1088K,   0% used [0x6cfc0000, 0x6cfc0000, 0x6d0d0000)
 tenured generation   total 21888K, used 8772K [0x7c740000, 0x7dca0000, 0x9c740000)
   the space 21888K,  40% used [0x7c740000, 0x7cfd1120, 0x7cfd1200, 0x7dca0000)
 compacting perm gen  total 32768K, used 13719K [0x9c740000, 0x9e740000, 0xb4740000)
   the space 32768K,  41% used [0x9c740000, 0x9d4a5ea8, 0x9d4a6000, 0x9e740000)
No shared spaces configured.
}
Event: 2.569 GC heap before
{Heap before GC invocations=9 (full 0):
 def new generation   total 9792K, used 9502K [0x6c740000, 0x6d1e0000, 0x7c740000)
  eden space 8704K,  99% used [0x6c740000, 0x6cfbff68, 0x6cfc0000)
  from space 1088K,  73% used [0x6d0d0000, 0x6d197c58, 0x6d1e0000)
  to   space 1088K,   0% used [0x6cfc0000, 0x6cfc0000, 0x6d0d0000)
 tenured generation   total 21888K, used 8772K [0x7c740000, 0x7dca0000, 0x9c740000)
   the space 21888K,  40% used [0x7c740000, 0x7cfd1120, 0x7cfd1200, 0x7dca0000)
 compacting perm gen  total 32768K, used 14782K [0x9c740000, 0x9e740000, 0xb4740000)
   the space 32768K,  45% used [0x9c740000, 0x9d5afb78, 0x9d5afc00, 0x9e740000)
No shared spaces configured.
Event: 2.582 GC heap after
Heap after GC invocations=10 (full 0):
 def new generation   total 9792K, used 1088K [0x6c740000, 0x6d1e0000, 0x7c740000)
  eden space 8704K,   0% used [0x6c740000, 0x6c740000, 0x6cfc0000)
  from space 1088K, 100% used [0x6cfc0000, 0x6d0d0000, 0x6d0d0000)
  to   space 1088K,   0% used [0x6d0d0000, 0x6d0d0000, 0x6d1e0000)
 tenured generation   total 21888K, used 9820K [0x7c740000, 0x7dca0000, 0x9c740000)
   the space 21888K,  44% used [0x7c740000, 0x7d0d7360, 0x7d0d7400, 0x7dca0000)
 compacting perm gen  total 32768K, used 14782K [0x9c740000, 0x9e740000, 0xb4740000)
   the space 32768K,  45% used [0x9c740000, 0x9d5afb78, 0x9d5afc00, 0x9e740000)
No shared spaces configured.
}
Event: 2.771 GC heap before
{Heap before GC invocations=10 (full 0):
 def new generation   total 9792K, used 9792K [0x6c740000, 0x6d1e0000, 0x7c740000)
  eden space 8704K, 100% used [0x6c740000, 0x6cfc0000, 0x6cfc0000)
  from space 1088K, 100% used [0x6cfc0000, 0x6d0d0000, 0x6d0d0000)
  to   space 1088K,   0% used [0x6d0d0000, 0x6d0d0000, 0x6d1e0000)
 tenured generation   total 21888K, used 9820K [0x7c740000, 0x7dca0000, 0x9c740000)
   the space 21888K,  44% used [0x7c740000, 0x7d0d7360, 0x7d0d7400, 0x7dca0000)
 compacting perm gen  total 32768K, used 16001K [0x9c740000, 0x9e740000, 0xb4740000)
   the space 32768K,  48% used [0x9c740000, 0x9d6e0770, 0x9d6e0800, 0x9e740000)
No shared spaces configured.
Event: 2.783 GC heap after
Heap after GC invocations=11 (full 0):
 def new generation   total 9792K, used 871K [0x6c740000, 0x6d1e0000, 0x7c740000)
  eden space 8704K,   0% used [0x6c740000, 0x6c740000, 0x6cfc0000)
  from space 1088K,  80% used [0x6d0d0000, 0x6d1a9c08, 0x6d1e0000)
  to   space 1088K,   0% used [0x6cfc0000, 0x6cfc0000, 0x6d0d0000)
 tenured generation   total 21888K, used 10888K [0x7c740000, 0x7dca0000, 0x9c740000)
   the space 21888K,  49% used [0x7c740000, 0x7d1e2118, 0x7d1e2200, 0x7dca0000)
 compacting perm gen  total 32768K, used 16001K [0x9c740000, 0x9e740000, 0xb4740000)
   the space 32768K,  48% used [0x9c740000, 0x9d6e0770, 0x9d6e0800, 0x9e740000)
No shared spaces configured.
}
Event: 2.871 GC heap before
{Heap before GC invocations=11 (full 0):
 def new generation   total 9792K, used 9575K [0x6c740000, 0x6d1e0000, 0x7c740000)
  eden space 8704K, 100% used [0x6c740000, 0x6cfc0000, 0x6cfc0000)
  from space 1088K,  80% used [0x6d0d0000, 0x6d1a9c08, 0x6d1e0000)
  to   space 1088K,   0% used [0x6cfc0000, 0x6cfc0000, 0x6d0d0000)
 tenured generation   total 21888K, used 10888K [0x7c740000, 0x7dca0000, 0x9c740000)
   the space 21888K,  49% used [0x7c740000, 0x7d1e2118, 0x7d1e2200, 0x7dca0000)
 compacting perm gen  total 32768K, used 16240K [0x9c740000, 0x9e740000, 0xb4740000)
   the space 32768K,  49% used [0x9c740000, 0x9d71c110, 0x9d71c200, 0x9e740000)
No shared spaces configured.
Event: 2.880 GC heap after
Heap after GC invocations=12 (full 0):
 def new generation   total 9792K, used 692K [0x6c740000, 0x6d1e0000, 0x7c740000)
  eden space 8704K,   0% used [0x6c740000, 0x6c740000, 0x6cfc0000)
  from space 1088K,  63% used [0x6cfc0000, 0x6d06d288, 0x6d0d0000)
  to   space 1088K,   0% used [0x6d0d0000, 0x6d0d0000, 0x6d1e0000)
 tenured generation   total 21888K, used 11678K [0x7c740000, 0x7dca0000, 0x9c740000)
   the space 21888K,  53% used [0x7c740000, 0x7d2a7880, 0x7d2a7a00, 0x7dca0000)
 compacting perm gen  total 32768K, used 16240K [0x9c740000, 0x9e740000, 0xb4740000)
   the space 32768K,  49% used [0x9c740000, 0x9d71c110, 0x9d71c200, 0x9e740000)
No shared spaces configured.
}
Event: 2.960 GC heap before
{Heap before GC invocations=12 (full 0):
 def new generation   total 9792K, used 9396K [0x6c740000, 0x6d1e0000, 0x7c740000)
  eden space 8704K, 100% used [0x6c740000, 0x6cfc0000, 0x6cfc0000)
  from space 1088K,  63% used [0x6cfc0000, 0x6d06d288, 0x6d0d0000)
  to   space 1088K,   0% used [0x6d0d0000, 0x6d0d0000, 0x6d1e0000)
 tenured generation   total 21888K, used 11678K [0x7c740000, 0x7dca0000, 0x9c740000)
   the space 21888K,  53% used [0x7c740000, 0x7d2a7880, 0x7d2a7a00, 0x7dca0000)
 compacting perm gen  total 32768K, used 16691K [0x9c740000, 0x9e740000, 0xb4740000)
   the space 32768K,  50% used [0x9c740000, 0x9d78cd48, 0x9d78ce00, 0x9e740000)
No shared spaces configured.
Event: 2.968 GC heap after
Heap after GC invocations=13 (full 0):
 def new generation   total 9792K, used 686K [0x6c740000, 0x6d1e0000, 0x7c740000)
  eden space 8704K,   0% used [0x6c740000, 0x6c740000, 0x6cfc0000)
  from space 1088K,  63% used [0x6d0d0000, 0x6d17b800, 0x6d1e0000)
  to   space 1088K,   0% used [0x6cfc0000, 0x6cfc0000, 0x6d0d0000)
 tenured generation   total 21888K, used 12221K [0x7c740000, 0x7dca0000, 0x9c740000)
   the space 21888K,  55% used [0x7c740000, 0x7d32f540, 0x7d32f600, 0x7dca0000)
 compacting perm gen  total 32768K, used 16691K [0x9c740000, 0x9e740000, 0xb4740000)
   the space 32768K,  50% used [0x9c740000, 0x9d78cd48, 0x9d78ce00, 0x9e740000)
No shared spaces configured.
}

