# JRE version: Java(TM) SE Runtime Environment (7.0_45-b18) (build 1.7.0_45-b18)
# Java VM: Java HotSpot(TM) Client VM (24.45-b08 mixed mode linux-x86 )
Heap
 def new generation   total 9792K, used 1680K [0x6c680000, 0x6d120000, 0x7c680000)
  eden space 8704K,  11% used [0x6c680000, 0x6c77fc10, 0x6cf00000)
  from space 1088K,  60% used [0x6cf00000, 0x6cfa45f0, 0x6d010000)
  to   space 1088K,   0% used [0x6d010000, 0x6d010000, 0x6d120000)
 tenured generation   total 21888K, used 12300K [0x7c680000, 0x7dbe0000, 0x9c680000)
   the space 21888K,  56% used [0x7c680000, 0x7d283108, 0x7d283200, 0x7dbe0000)
 compacting perm gen  total 32768K, used 16910K [0x9c680000, 0x9e680000, 0xb4680000)
   the space 32768K,  51% used [0x9c680000, 0x9d7038f0, 0x9d703a00, 0x9e680000)
GC Heap History (10 events):
Event: 2.674 GC heap before
{Heap before GC invocations=9 (full 0):
 def new generation   total 9792K, used 8704K [0x6c680000, 0x6d120000, 0x7c680000)
  eden space 8704K, 100% used [0x6c680000, 0x6cf00000, 0x6cf00000)
  from space 1088K,   0% used [0x6d010000, 0x6d0100c0, 0x6d120000)
  to   space 1088K,   0% used [0x6cf00000, 0x6cf00000, 0x6d010000)
 tenured generation   total 21888K, used 8832K [0x7c680000, 0x7dbe0000, 0x9c680000)
   the space 21888K,  40% used [0x7c680000, 0x7cf200f8, 0x7cf20200, 0x7dbe0000)
 compacting perm gen  total 32768K, used 13792K [0x9c680000, 0x9e680000, 0xb4680000)
   the space 32768K,  42% used [0x9c680000, 0x9d3f8108, 0x9d3f8200, 0x9e680000)
No shared spaces configured.
Event: 2.680 GC heap after
Heap after GC invocations=10 (full 0):
 def new generation   total 9792K, used 897K [0x6c680000, 0x6d120000, 0x7c680000)
  eden space 8704K,   0% used [0x6c680000, 0x6c680000, 0x6cf00000)
  from space 1088K,  82% used [0x6cf00000, 0x6cfe0508, 0x6d010000)
  to   space 1088K,   0% used [0x6d010000, 0x6d010000, 0x6d120000)
 tenured generation   total 21888K, used 8832K [0x7c680000, 0x7dbe0000, 0x9c680000)
   the space 21888K,  40% used [0x7c680000, 0x7cf200f8, 0x7cf20200, 0x7dbe0000)
 compacting perm gen  total 32768K, used 13792K [0x9c680000, 0x9e680000, 0xb4680000)
   the space 32768K,  42% used [0x9c680000, 0x9d3f8108, 0x9d3f8200, 0x9e680000)
No shared spaces configured.
}
Event: 2.835 GC heap before
{Heap before GC invocations=10 (full 0):
 def new generation   total 9792K, used 9601K [0x6c680000, 0x6d120000, 0x7c680000)
  eden space 8704K, 100% used [0x6c680000, 0x6cf00000, 0x6cf00000)
  from space 1088K,  82% used [0x6cf00000, 0x6cfe0508, 0x6d010000)
  to   space 1088K,   0% used [0x6d010000, 0x6d010000, 0x6d120000)
 tenured generation   total 21888K, used 8832K [0x7c680000, 0x7dbe0000, 0x9c680000)
   the space 21888K,  40% used [0x7c680000, 0x7cf200f8, 0x7cf20200, 0x7dbe0000)
 compacting perm gen  total 32768K, used 14787K [0x9c680000, 0x9e680000, 0xb4680000)
   the space 32768K,  45% used [0x9c680000, 0x9d4f0de0, 0x9d4f0e00, 0x9e680000)
No shared spaces configured.
Event: 2.846 GC heap after
Heap after GC invocations=11 (full 0):
 def new generation   total 9792K, used 1088K [0x6c680000, 0x6d120000, 0x7c680000)
  eden space 8704K,   0% used [0x6c680000, 0x6c680000, 0x6cf00000)
  from space 1088K, 100% used [0x6d010000, 0x6d120000, 0x6d120000)
  to   space 1088K,   0% used [0x6cf00000, 0x6cf00000, 0x6d010000)
 tenured generation   total 21888K, used 9804K [0x7c680000, 0x7dbe0000, 0x9c680000)
   the space 21888K,  44% used [0x7c680000, 0x7d013080, 0x7d013200, 0x7dbe0000)
 compacting perm gen  total 32768K, used 14787K [0x9c680000, 0x9e680000, 0xb4680000)
   the space 32768K,  45% used [0x9c680000, 0x9d4f0de0, 0x9d4f0e00, 0x9e680000)
No shared spaces configured.
}
Event: 3.055 GC heap before
{Heap before GC invocations=11 (full 0):
 def new generation   total 9792K, used 9792K [0x6c680000, 0x6d120000, 0x7c680000)
  eden space 8704K, 100% used [0x6c680000, 0x6cf00000, 0x6cf00000)
  from space 1088K, 100% used [0x6d010000, 0x6d120000, 0x6d120000)
  to   space 1088K,   0% used [0x6cf00000, 0x6cf00000, 0x6d010000)
 tenured generation   total 21888K, used 9804K [0x7c680000, 0x7dbe0000, 0x9c680000)
   the space 21888K,  44% used [0x7c680000, 0x7d013080, 0x7d013200, 0x7dbe0000)
 compacting perm gen  total 32768K, used 16006K [0x9c680000, 0x9e680000, 0xb4680000)
   the space 32768K,  48% used [0x9c680000, 0x9d6219e8, 0x9d621a00, 0x9e680000)
No shared spaces configured.
Event: 3.067 GC heap after
Heap after GC invocations=12 (full 0):
 def new generation   total 9792K, used 869K [0x6c680000, 0x6d120000, 0x7c680000)
  eden space 8704K,   0% used [0x6c680000, 0x6c680000, 0x6cf00000)
  from space 1088K,  79% used [0x6cf00000, 0x6cfd9730, 0x6d010000)
  to   space 1088K,   0% used [0x6d010000, 0x6d010000, 0x6d120000)
 tenured generation   total 21888K, used 10867K [0x7c680000, 0x7dbe0000, 0x9c680000)
   the space 21888K,  49% used [0x7c680000, 0x7d11cd58, 0x7d11ce00, 0x7dbe0000)
 compacting perm gen  total 32768K, used 16006K [0x9c680000, 0x9e680000, 0xb4680000)
   the space 32768K,  48% used [0x9c680000, 0x9d6219e8, 0x9d621a00, 0x9e680000)
No shared spaces configured.
}
Event: 3.138 GC heap before
{Heap before GC invocations=12 (full 0):
 def new generation   total 9792K, used 9573K [0x6c680000, 0x6d120000, 0x7c680000)
  eden space 8704K, 100% used [0x6c680000, 0x6cf00000, 0x6cf00000)
  from space 1088K,  79% used [0x6cf00000, 0x6cfd9730, 0x6d010000)
  to   space 1088K,   0% used [0x6d010000, 0x6d010000, 0x6d120000)
 tenured generation   total 21888K, used 10867K [0x7c680000, 0x7dbe0000, 0x9c680000)
   the space 21888K,  49% used [0x7c680000, 0x7d11cd58, 0x7d11ce00, 0x7dbe0000)
 compacting perm gen  total 32768K, used 16243K [0x9c680000, 0x9e680000, 0xb4680000)
   the space 32768K,  49% used [0x9c680000, 0x9d65ccc8, 0x9d65ce00, 0x9e680000)
No shared spaces configured.
Event: 3.147 GC heap after
Heap after GC invocations=13 (full 0):
 def new generation   total 9792K, used 702K [0x6c680000, 0x6d120000, 0x7c680000)
  eden space 8704K,   0% used [0x6c680000, 0x6c680000, 0x6cf00000)
  from space 1088K,  64% used [0x6d010000, 0x6d0bfa00, 0x6d120000)
  to   space 1088K,   0% used [0x6cf00000, 0x6cf00000, 0x6d010000)
 tenured generation   total 21888K, used 11652K [0x7c680000, 0x7dbe0000, 0x9c680000)
   the space 21888K,  53% used [0x7c680000, 0x7d1e1340, 0x7d1e1400, 0x7dbe0000)
 compacting perm gen  total 32768K, used 16243K [0x9c680000, 0x9e680000, 0xb4680000)
   the space 32768K,  49% used [0x9c680000, 0x9d65ccc8, 0x9d65ce00, 0x9e680000)
No shared spaces configured.
}
Event: 3.232 GC heap before
{Heap before GC invocations=13 (full 0):
 def new generation   total 9792K, used 9406K [0x6c680000, 0x6d120000, 0x7c680000)
  eden space 8704K, 100% used [0x6c680000, 0x6cf00000, 0x6cf00000)
  from space 1088K,  64% used [0x6d010000, 0x6d0bfa00, 0x6d120000)
  to   space 1088K,   0% used [0x6cf00000, 0x6cf00000, 0x6d010000)
 tenured generation   total 21888K, used 11652K [0x7c680000, 0x7dbe0000, 0x9c680000)
   the space 21888K,  53% used [0x7c680000, 0x7d1e1340, 0x7d1e1400, 0x7dbe0000)
 compacting perm gen  total 32768K, used 16818K [0x9c680000, 0x9e680000, 0xb4680000)
   the space 32768K,  51% used [0x9c680000, 0x9d6ec928, 0x9d6eca00, 0x9e680000)
No shared spaces configured.
Event: 3.240 GC heap after
Heap after GC invocations=14 (full 0):
 def new generation   total 9792K, used 657K [0x6c680000, 0x6d120000, 0x7c680000)
  eden space 8704K,   0% used [0x6c680000, 0x6c680000, 0x6cf00000)
  from space 1088K,  60% used [0x6cf00000, 0x6cfa45f0, 0x6d010000)
  to   space 1088K,   0% used [0x6d010000, 0x6d010000, 0x6d120000)
 tenured generation   total 21888K, used 12300K [0x7c680000, 0x7dbe0000, 0x9c680000)
   the space 21888K,  56% used [0x7c680000, 0x7d283108, 0x7d283200, 0x7dbe0000)
 compacting perm gen  total 32768K, used 16818K [0x9c680000, 0x9e680000, 0xb4680000)
   the space 32768K,  51% used [0x9c680000, 0x9d6ec928, 0x9d6eca00, 0x9e680000)
No shared spaces configured.
}

