# JRE version: Java(TM) SE Runtime Environment (7.0_45-b18) (build 1.7.0_45-b18)
# Java VM: Java HotSpot(TM) Client VM (24.45-b08 mixed mode linux-x86 )
Heap
 def new generation   total 9792K, used 3999K [0x6c740000, 0x6d1e0000, 0x7c740000)
  eden space 8704K,  39% used [0x6c740000, 0x6caa3918, 0x6cfc0000)
  from space 1088K,  48% used [0x6d0d0000, 0x6d154658, 0x6d1e0000)
  to   space 1088K,   0% used [0x6cfc0000, 0x6cfc0000, 0x6d0d0000)
 tenured generation   total 21888K, used 12709K [0x7c740000, 0x7dca0000, 0x9c740000)
   the space 21888K,  58% used [0x7c740000, 0x7d3a9648, 0x7d3a9800, 0x7dca0000)
 compacting perm gen  total 32768K, used 17454K [0x9c740000, 0x9e740000, 0xb4740000)
   the space 32768K,  53% used [0x9c740000, 0x9d84b820, 0x9d84ba00, 0x9e740000)
GC Heap History (10 events):
Event: 3.107 GC heap before
{Heap before GC invocations=8 (full 0):
 def new generation   total 9792K, used 9786K [0x6c740000, 0x6d1e0000, 0x7c740000)
  eden space 8704K,  99% used [0x6c740000, 0x6cfbe8c8, 0x6cfc0000)
  from space 1088K, 100% used [0x6cfc0000, 0x6d0d0000, 0x6d0d0000)
  to   space 1088K,   0% used [0x6d0d0000, 0x6d0d0000, 0x6d1e0000)
 tenured generation   total 21888K, used 7964K [0x7c740000, 0x7dca0000, 0x9c740000)
   the space 21888K,  36% used [0x7c740000, 0x7cf07100, 0x7cf07200, 0x7dca0000)
 compacting perm gen  total 32768K, used 14043K [0x9c740000, 0x9e740000, 0xb4740000)
   the space 32768K,  42% used [0x9c740000, 0x9d4f6f18, 0x9d4f7000, 0x9e740000)
No shared spaces configured.
Event: 3.118 GC heap after
Heap after GC invocations=9 (full 0):
 def new generation   total 9792K, used 757K [0x6c740000, 0x6d1e0000, 0x7c740000)
  eden space 8704K,   0% used [0x6c740000, 0x6c740000, 0x6cfc0000)
  from space 1088K,  69% used [0x6d0d0000, 0x6d18d6f8, 0x6d1e0000)
  to   space 1088K,   0% used [0x6cfc0000, 0x6cfc0000, 0x6d0d0000)
 tenured generation   total 21888K, used 9033K [0x7c740000, 0x7dca0000, 0x9c740000)
   the space 21888K,  41% used [0x7c740000, 0x7d0127d0, 0x7d012800, 0x7dca0000)
 compacting perm gen  total 32768K, used 14043K [0x9c740000, 0x9e740000, 0xb4740000)
   the space 32768K,  42% used [0x9c740000, 0x9d4f6f18, 0x9d4f7000, 0x9e740000)
No shared spaces configured.
}
Event: 3.631 GC heap before
{Heap before GC invocations=9 (full 0):
 def new generation   total 9792K, used 9461K [0x6c740000, 0x6d1e0000, 0x7c740000)
  eden space 8704K,  99% used [0x6c740000, 0x6cfbfff0, 0x6cfc0000)
  from space 1088K,  69% used [0x6d0d0000, 0x6d18d6f8, 0x6d1e0000)
  to   space 1088K,   0% used [0x6cfc0000, 0x6cfc0000, 0x6d0d0000)
 tenured generation   total 21888K, used 9033K [0x7c740000, 0x7dca0000, 0x9c740000)
   the space 21888K,  41% used [0x7c740000, 0x7d0127d0, 0x7d012800, 0x7dca0000)
 compacting perm gen  total 32768K, used 15548K [0x9c740000, 0x9e740000, 0xb4740000)
   the space 32768K,  47% used [0x9c740000, 0x9d66f178, 0x9d66f200, 0x9e740000)
No shared spaces configured.
Event: 3.643 GC heap after
Heap after GC invocations=10 (full 0):
 def new generation   total 9792K, used 1088K [0x6c740000, 0x6d1e0000, 0x7c740000)
  eden space 8704K,   0% used [0x6c740000, 0x6c740000, 0x6cfc0000)
  from space 1088K, 100% used [0x6cfc0000, 0x6d0d0000, 0x6d0d0000)
  to   space 1088K,   0% used [0x6d0d0000, 0x6d0d0000, 0x6d1e0000)
 tenured generation   total 21888K, used 10058K [0x7c740000, 0x7dca0000, 0x9c740000)
   the space 21888K,  45% used [0x7c740000, 0x7d1128c8, 0x7d112a00, 0x7dca0000)
 compacting perm gen  total 32768K, used 15548K [0x9c740000, 0x9e740000, 0xb4740000)
   the space 32768K,  47% used [0x9c740000, 0x9d66f178, 0x9d66f200, 0x9e740000)
No shared spaces configured.
}
Event: 3.856 GC heap before
{Heap before GC invocations=10 (full 0):
 def new generation   total 9792K, used 9792K [0x6c740000, 0x6d1e0000, 0x7c740000)
  eden space 8704K, 100% used [0x6c740000, 0x6cfc0000, 0x6cfc0000)
  from space 1088K, 100% used [0x6cfc0000, 0x6d0d0000, 0x6d0d0000)
  to   space 1088K,   0% used [0x6d0d0000, 0x6d0d0000, 0x6d1e0000)
 tenured generation   total 21888K, used 10058K [0x7c740000, 0x7dca0000, 0x9c740000)
   the space 21888K,  45% used [0x7c740000, 0x7d1128c8, 0x7d112a00, 0x7dca0000)
 compacting perm gen  total 32768K, used 16466K [0x9c740000, 0x9e740000, 0xb4740000)
   the space 32768K,  50% used [0x9c740000, 0x9d754a40, 0x9d754c00, 0x9e740000)
No shared spaces configured.
Event: 3.868 GC heap after
Heap after GC invocations=11 (full 0):
 def new generation   total 9792K, used 948K [0x6c740000, 0x6d1e0000, 0x7c740000)
  eden space 8704K,   0% used [0x6c740000, 0x6c740000, 0x6cfc0000)
  from space 1088K,  87% used [0x6d0d0000, 0x6d1bd328, 0x6d1e0000)
  to   space 1088K,   0% used [0x6cfc0000, 0x6cfc0000, 0x6d0d0000)
 tenured generation   total 21888K, used 11135K [0x7c740000, 0x7dca0000, 0x9c740000)
   the space 21888K,  50% used [0x7c740000, 0x7d21fd00, 0x7d21fe00, 0x7dca0000)
 compacting perm gen  total 32768K, used 16466K [0x9c740000, 0x9e740000, 0xb4740000)
   the space 32768K,  50% used [0x9c740000, 0x9d754a40, 0x9d754c00, 0x9e740000)
No shared spaces configured.
}
Event: 3.968 GC heap before
{Heap before GC invocations=11 (full 0):
 def new generation   total 9792K, used 9652K [0x6c740000, 0x6d1e0000, 0x7c740000)
  eden space 8704K, 100% used [0x6c740000, 0x6cfc0000, 0x6cfc0000)
  from space 1088K,  87% used [0x6d0d0000, 0x6d1bd328, 0x6d1e0000)
  to   space 1088K,   0% used [0x6cfc0000, 0x6cfc0000, 0x6d0d0000)
 tenured generation   total 21888K, used 11135K [0x7c740000, 0x7dca0000, 0x9c740000)
   the space 21888K,  50% used [0x7c740000, 0x7d21fd00, 0x7d21fe00, 0x7dca0000)
 compacting perm gen  total 32768K, used 16758K [0x9c740000, 0x9e740000, 0xb4740000)
   the space 32768K,  51% used [0x9c740000, 0x9d79d838, 0x9d79da00, 0x9e740000)
No shared spaces configured.
Event: 3.978 GC heap after
Heap after GC invocations=12 (full 0):
 def new generation   total 9792K, used 755K [0x6c740000, 0x6d1e0000, 0x7c740000)
  eden space 8704K,   0% used [0x6c740000, 0x6c740000, 0x6cfc0000)
  from space 1088K,  69% used [0x6cfc0000, 0x6d07cd48, 0x6d0d0000)
  to   space 1088K,   0% used [0x6d0d0000, 0x6d0d0000, 0x6d1e0000)
 tenured generation   total 21888K, used 12010K [0x7c740000, 0x7dca0000, 0x9c740000)
   the space 21888K,  54% used [0x7c740000, 0x7d2fabf8, 0x7d2fac00, 0x7dca0000)
 compacting perm gen  total 32768K, used 16758K [0x9c740000, 0x9e740000, 0xb4740000)
   the space 32768K,  51% used [0x9c740000, 0x9d79d838, 0x9d79da00, 0x9e740000)
No shared spaces configured.
}
Event: 4.060 GC heap before
{Heap before GC invocations=12 (full 0):
 def new generation   total 9792K, used 9459K [0x6c740000, 0x6d1e0000, 0x7c740000)
  eden space 8704K, 100% used [0x6c740000, 0x6cfc0000, 0x6cfc0000)
  from space 1088K,  69% used [0x6cfc0000, 0x6d07cd48, 0x6d0d0000)
  to   space 1088K,   0% used [0x6d0d0000, 0x6d0d0000, 0x6d1e0000)
 tenured generation   total 21888K, used 12010K [0x7c740000, 0x7dca0000, 0x9c740000)
   the space 21888K,  54% used [0x7c740000, 0x7d2fabf8, 0x7d2fac00, 0x7dca0000)
 compacting perm gen  total 32768K, used 16999K [0x9c740000, 0x9e740000, 0xb4740000)
   the space 32768K,  51% used [0x9c740000, 0x9d7d9d48, 0x9d7d9e00, 0x9e740000)
No shared spaces configured.
Event: 4.067 GC heap after
Heap after GC invocations=13 (full 0):
 def new generation   total 9792K, used 529K [0x6c740000, 0x6d1e0000, 0x7c740000)
  eden space 8704K,   0% used [0x6c740000, 0x6c740000, 0x6cfc0000)
  from space 1088K,  48% used [0x6d0d0000, 0x6d154658, 0x6d1e0000)
  to   space 1088K,   0% used [0x6cfc0000, 0x6cfc0000, 0x6d0d0000)
 tenured generation   total 21888K, used 12709K [0x7c740000, 0x7dca0000, 0x9c740000)
   the space 21888K,  58% used [0x7c740000, 0x7d3a9648, 0x7d3a9800, 0x7dca0000)
 compacting perm gen  total 32768K, used 16999K [0x9c740000, 0x9e740000, 0xb4740000)
   the space 32768K,  51% used [0x9c740000, 0x9d7d9d48, 0x9d7d9e00, 0x9e740000)
No shared spaces configured.
}

