# JRE version: Java(TM) SE Runtime Environment (7.0_45-b18) (build 1.7.0_45-b18)
# Java VM: Java HotSpot(TM) Client VM (24.45-b08 mixed mode linux-x86 )
Heap
 def new generation   total 9792K, used 3129K [0x6c700000, 0x6d1a0000, 0x7c700000)
  eden space 8704K,  28% used [0x6c700000, 0x6c96a990, 0x6cf80000)
  from space 1088K,  60% used [0x6d090000, 0x6d133bb8, 0x6d1a0000)
  to   space 1088K,   0% used [0x6cf80000, 0x6cf80000, 0x6d090000)
 tenured generation   total 21888K, used 12489K [0x7c700000, 0x7dc60000, 0x9c700000)
   the space 21888K,  57% used [0x7c700000, 0x7d332428, 0x7d332600, 0x7dc60000)
 compacting perm gen  total 32768K, used 16900K [0x9c700000, 0x9e700000, 0xb4700000)
   the space 32768K,  51% used [0x9c700000, 0x9d781308, 0x9d781400, 0x9e700000)
GC Heap History (10 events):
Event: 3.438 GC heap before
{Heap before GC invocations=8 (full 0):
 def new generation   total 9792K, used 9620K [0x6c700000, 0x6d1a0000, 0x7c700000)
  eden space 8704K, 100% used [0x6c700000, 0x6cf80000, 0x6cf80000)
  from space 1088K,  84% used [0x6cf80000, 0x6d065270, 0x6d090000)
  to   space 1088K,   0% used [0x6d090000, 0x6d090000, 0x6d1a0000)
 tenured generation   total 21888K, used 8279K [0x7c700000, 0x7dc60000, 0x9c700000)
   the space 21888K,  37% used [0x7c700000, 0x7cf15e80, 0x7cf16000, 0x7dc60000)
 compacting perm gen  total 32768K, used 13802K [0x9c700000, 0x9e700000, 0xb4700000)
   the space 32768K,  42% used [0x9c700000, 0x9d47a8a0, 0x9d47aa00, 0x9e700000)
No shared spaces configured.
Event: 3.449 GC heap after
Heap after GC invocations=9 (full 0):
 def new generation   total 9792K, used 904K [0x6c700000, 0x6d1a0000, 0x7c700000)
  eden space 8704K,   0% used [0x6c700000, 0x6c700000, 0x6cf80000)
  from space 1088K,  83% used [0x6d090000, 0x6d1720e0, 0x6d1a0000)
  to   space 1088K,   0% used [0x6cf80000, 0x6cf80000, 0x6d090000)
 tenured generation   total 21888K, used 9142K [0x7c700000, 0x7dc60000, 0x9c700000)
   the space 21888K,  41% used [0x7c700000, 0x7cfed990, 0x7cfeda00, 0x7dc60000)
 compacting perm gen  total 32768K, used 13802K [0x9c700000, 0x9e700000, 0xb4700000)
   the space 32768K,  42% used [0x9c700000, 0x9d47a8a0, 0x9d47aa00, 0x9e700000)
No shared spaces configured.
}
Event: 3.748 GC heap before
{Heap before GC invocations=9 (full 0):
 def new generation   total 9792K, used 9608K [0x6c700000, 0x6d1a0000, 0x7c700000)
  eden space 8704K, 100% used [0x6c700000, 0x6cf80000, 0x6cf80000)
  from space 1088K,  83% used [0x6d090000, 0x6d1720e0, 0x6d1a0000)
  to   space 1088K,   0% used [0x6cf80000, 0x6cf80000, 0x6d090000)
 tenured generation   total 21888K, used 9142K [0x7c700000, 0x7dc60000, 0x9c700000)
   the space 21888K,  41% used [0x7c700000, 0x7cfed990, 0x7cfeda00, 0x7dc60000)
 compacting perm gen  total 32768K, used 14757K [0x9c700000, 0x9e700000, 0xb4700000)
   the space 32768K,  45% used [0x9c700000, 0x9d569480, 0x9d569600, 0x9e700000)
No shared spaces configured.
Event: 3.761 GC heap after
Heap after GC invocations=10 (full 0):
 def new generation   total 9792K, used 1088K [0x6c700000, 0x6d1a0000, 0x7c700000)
  eden space 8704K,   0% used [0x6c700000, 0x6c700000, 0x6cf80000)
  from space 1088K, 100% used [0x6cf80000, 0x6d090000, 0x6d090000)
  to   space 1088K,   0% used [0x6d090000, 0x6d090000, 0x6d1a0000)
 tenured generation   total 21888K, used 10066K [0x7c700000, 0x7dc60000, 0x9c700000)
   the space 21888K,  45% used [0x7c700000, 0x7d0d4838, 0x7d0d4a00, 0x7dc60000)
 compacting perm gen  total 32768K, used 14757K [0x9c700000, 0x9e700000, 0xb4700000)
   the space 32768K,  45% used [0x9c700000, 0x9d569480, 0x9d569600, 0x9e700000)
No shared spaces configured.
}
Event: 4.037 GC heap before
{Heap before GC invocations=10 (full 0):
 def new generation   total 9792K, used 9792K [0x6c700000, 0x6d1a0000, 0x7c700000)
  eden space 8704K, 100% used [0x6c700000, 0x6cf80000, 0x6cf80000)
  from space 1088K, 100% used [0x6cf80000, 0x6d090000, 0x6d090000)
  to   space 1088K,   0% used [0x6d090000, 0x6d090000, 0x6d1a0000)
 tenured generation   total 21888K, used 10066K [0x7c700000, 0x7dc60000, 0x9c700000)
   the space 21888K,  45% used [0x7c700000, 0x7d0d4838, 0x7d0d4a00, 0x7dc60000)
 compacting perm gen  total 32768K, used 15976K [0x9c700000, 0x9e700000, 0xb4700000)
   the space 32768K,  48% used [0x9c700000, 0x9d69a078, 0x9d69a200, 0x9e700000)
No shared spaces configured.
Event: 4.051 GC heap after
Heap after GC invocations=11 (full 0):
 def new generation   total 9792K, used 883K [0x6c700000, 0x6d1a0000, 0x7c700000)
  eden space 8704K,   0% used [0x6c700000, 0x6c700000, 0x6cf80000)
  from space 1088K,  81% used [0x6d090000, 0x6d16cf80, 0x6d1a0000)
  to   space 1088K,   0% used [0x6cf80000, 0x6cf80000, 0x6d090000)
 tenured generation   total 21888K, used 11131K [0x7c700000, 0x7dc60000, 0x9c700000)
   the space 21888K,  50% used [0x7c700000, 0x7d1dec18, 0x7d1dee00, 0x7dc60000)
 compacting perm gen  total 32768K, used 15976K [0x9c700000, 0x9e700000, 0xb4700000)
   the space 32768K,  48% used [0x9c700000, 0x9d69a078, 0x9d69a200, 0x9e700000)
No shared spaces configured.
}
Event: 4.161 GC heap before
{Heap before GC invocations=11 (full 0):
 def new generation   total 9792K, used 9587K [0x6c700000, 0x6d1a0000, 0x7c700000)
  eden space 8704K, 100% used [0x6c700000, 0x6cf80000, 0x6cf80000)
  from space 1088K,  81% used [0x6d090000, 0x6d16cf80, 0x6d1a0000)
  to   space 1088K,   0% used [0x6cf80000, 0x6cf80000, 0x6d090000)
 tenured generation   total 21888K, used 11131K [0x7c700000, 0x7dc60000, 0x9c700000)
   the space 21888K,  50% used [0x7c700000, 0x7d1dec18, 0x7d1dee00, 0x7dc60000)
 compacting perm gen  total 32768K, used 16214K [0x9c700000, 0x9e700000, 0xb4700000)
   the space 32768K,  49% used [0x9c700000, 0x9d6d5a28, 0x9d6d5c00, 0x9e700000)
No shared spaces configured.
Event: 4.170 GC heap after
Heap after GC invocations=12 (full 0):
 def new generation   total 9792K, used 693K [0x6c700000, 0x6d1a0000, 0x7c700000)
  eden space 8704K,   0% used [0x6c700000, 0x6c700000, 0x6cf80000)
  from space 1088K,  63% used [0x6cf80000, 0x6d02d5c8, 0x6d090000)
  to   space 1088K,   0% used [0x6d090000, 0x6d090000, 0x6d1a0000)
 tenured generation   total 21888K, used 11933K [0x7c700000, 0x7dc60000, 0x9c700000)
   the space 21888K,  54% used [0x7c700000, 0x7d2a7768, 0x7d2a7800, 0x7dc60000)
 compacting perm gen  total 32768K, used 16214K [0x9c700000, 0x9e700000, 0xb4700000)
   the space 32768K,  49% used [0x9c700000, 0x9d6d5a28, 0x9d6d5c00, 0x9e700000)
No shared spaces configured.
}
Event: 4.276 GC heap before
{Heap before GC invocations=12 (full 0):
 def new generation   total 9792K, used 9397K [0x6c700000, 0x6d1a0000, 0x7c700000)
  eden space 8704K, 100% used [0x6c700000, 0x6cf80000, 0x6cf80000)
  from space 1088K,  63% used [0x6cf80000, 0x6d02d5c8, 0x6d090000)
  to   space 1088K,   0% used [0x6d090000, 0x6d090000, 0x6d1a0000)
 tenured generation   total 21888K, used 11933K [0x7c700000, 0x7dc60000, 0x9c700000)
   the space 21888K,  54% used [0x7c700000, 0x7d2a7768, 0x7d2a7800, 0x7dc60000)
 compacting perm gen  total 32768K, used 16681K [0x9c700000, 0x9e700000, 0xb4700000)
   the space 32768K,  50% used [0x9c700000, 0x9d74a7a8, 0x9d74a800, 0x9e700000)
No shared spaces configured.
Event: 4.284 GC heap after
Heap after GC invocations=13 (full 0):
 def new generation   total 9792K, used 654K [0x6c700000, 0x6d1a0000, 0x7c700000)
  eden space 8704K,   0% used [0x6c700000, 0x6c700000, 0x6cf80000)
  from space 1088K,  60% used [0x6d090000, 0x6d133bb8, 0x6d1a0000)
  to   space 1088K,   0% used [0x6cf80000, 0x6cf80000, 0x6d090000)
 tenured generation   total 21888K, used 12489K [0x7c700000, 0x7dc60000, 0x9c700000)
   the space 21888K,  57% used [0x7c700000, 0x7d332428, 0x7d332600, 0x7dc60000)
 compacting perm gen  total 32768K, used 16681K [0x9c700000, 0x9e700000, 0xb4700000)
   the space 32768K,  50% used [0x9c700000, 0x9d74a7a8, 0x9d74a800, 0x9e700000)
No shared spaces configured.
}

