# JRE version: Java(TM) SE Runtime Environment (7.0_45-b18) (build 1.7.0_45-b18)
# Java VM: Java HotSpot(TM) Client VM (24.45-b08 mixed mode linux-x86 )
Heap
 def new generation   total 9792K, used 3869K [0x6c710000, 0x6d1b0000, 0x7c710000)
  eden space 8704K,  38% used [0x6c710000, 0x6ca4cd80, 0x6cf90000)
  from space 1088K,  50% used [0x6d0a0000, 0x6d12aa78, 0x6d1b0000)
  to   space 1088K,   0% used [0x6cf90000, 0x6cf90000, 0x6d0a0000)
 tenured generation   total 21888K, used 12805K [0x7c710000, 0x7dc70000, 0x9c710000)
   the space 21888K,  58% used [0x7c710000, 0x7d391588, 0x7d391600, 0x7dc70000)
 compacting perm gen  total 32768K, used 17447K [0x9c710000, 0x9e710000, 0xb4710000)
   the space 32768K,  53% used [0x9c710000, 0x9d819c70, 0x9d819e00, 0x9e710000)
GC Heap History (10 events):
Event: 2.987 GC heap before
{Heap before GC invocations=8 (full 0):
 def new generation   total 9792K, used 9792K [0x6c710000, 0x6d1b0000, 0x7c710000)
  eden space 8704K, 100% used [0x6c710000, 0x6cf90000, 0x6cf90000)
  from space 1088K, 100% used [0x6cf90000, 0x6d0a0000, 0x6d0a0000)
  to   space 1088K,   0% used [0x6d0a0000, 0x6d0a0000, 0x6d1b0000)
 tenured generation   total 21888K, used 7986K [0x7c710000, 0x7dc70000, 0x9c710000)
   the space 21888K,  36% used [0x7c710000, 0x7cedcb30, 0x7cedcc00, 0x7dc70000)
 compacting perm gen  total 32768K, used 13938K [0x9c710000, 0x9e710000, 0xb4710000)
   the space 32768K,  42% used [0x9c710000, 0x9d4ac810, 0x9d4aca00, 0x9e710000)
No shared spaces configured.
Event: 3.006 GC heap after
Heap after GC invocations=9 (full 0):
 def new generation   total 9792K, used 783K [0x6c710000, 0x6d1b0000, 0x7c710000)
  eden space 8704K,   0% used [0x6c710000, 0x6c710000, 0x6cf90000)
  from space 1088K,  71% used [0x6d0a0000, 0x6d163d28, 0x6d1b0000)
  to   space 1088K,   0% used [0x6cf90000, 0x6cf90000, 0x6d0a0000)
 tenured generation   total 21888K, used 9032K [0x7c710000, 0x7dc70000, 0x9c710000)
   the space 21888K,  41% used [0x7c710000, 0x7cfe22e8, 0x7cfe2400, 0x7dc70000)
 compacting perm gen  total 32768K, used 13938K [0x9c710000, 0x9e710000, 0xb4710000)
   the space 32768K,  42% used [0x9c710000, 0x9d4ac810, 0x9d4aca00, 0x9e710000)
No shared spaces configured.
}
Event: 3.240 GC heap before
{Heap before GC invocations=9 (full 0):
 def new generation   total 9792K, used 9487K [0x6c710000, 0x6d1b0000, 0x7c710000)
  eden space 8704K, 100% used [0x6c710000, 0x6cf90000, 0x6cf90000)
  from space 1088K,  71% used [0x6d0a0000, 0x6d163d28, 0x6d1b0000)
  to   space 1088K,   0% used [0x6cf90000, 0x6cf90000, 0x6d0a0000)
 tenured generation   total 21888K, used 9032K [0x7c710000, 0x7dc70000, 0x9c710000)
   the space 21888K,  41% used [0x7c710000, 0x7cfe22e8, 0x7cfe2400, 0x7dc70000)
 compacting perm gen  total 32768K, used 15551K [0x9c710000, 0x9e710000, 0xb4710000)
   the space 32768K,  47% used [0x9c710000, 0x9d63fe30, 0x9d640000, 0x9e710000)
No shared spaces configured.
Event: 3.251 GC heap after
Heap after GC invocations=10 (full 0):
 def new generation   total 9792K, used 1088K [0x6c710000, 0x6d1b0000, 0x7c710000)
  eden space 8704K,   0% used [0x6c710000, 0x6c710000, 0x6cf90000)
  from space 1088K, 100% used [0x6cf90000, 0x6d0a0000, 0x6d0a0000)
  to   space 1088K,   0% used [0x6d0a0000, 0x6d0a0000, 0x6d1b0000)
 tenured generation   total 21888K, used 10074K [0x7c710000, 0x7dc70000, 0x9c710000)
   the space 21888K,  46% used [0x7c710000, 0x7d0e6b40, 0x7d0e6c00, 0x7dc70000)
 compacting perm gen  total 32768K, used 15551K [0x9c710000, 0x9e710000, 0xb4710000)
   the space 32768K,  47% used [0x9c710000, 0x9d63fe30, 0x9d640000, 0x9e710000)
No shared spaces configured.
}
Event: 3.434 GC heap before
{Heap before GC invocations=10 (full 0):
 def new generation   total 9792K, used 9792K [0x6c710000, 0x6d1b0000, 0x7c710000)
  eden space 8704K, 100% used [0x6c710000, 0x6cf90000, 0x6cf90000)
  from space 1088K, 100% used [0x6cf90000, 0x6d0a0000, 0x6d0a0000)
  to   space 1088K,   0% used [0x6d0a0000, 0x6d0a0000, 0x6d1b0000)
 tenured generation   total 21888K, used 10074K [0x7c710000, 0x7dc70000, 0x9c710000)
   the space 21888K,  46% used [0x7c710000, 0x7d0e6b40, 0x7d0e6c00, 0x7dc70000)
 compacting perm gen  total 32768K, used 16459K [0x9c710000, 0x9e710000, 0xb4710000)
   the space 32768K,  50% used [0x9c710000, 0x9d722e78, 0x9d723000, 0x9e710000)
No shared spaces configured.
Event: 3.446 GC heap after
Heap after GC invocations=11 (full 0):
 def new generation   total 9792K, used 1033K [0x6c710000, 0x6d1b0000, 0x7c710000)
  eden space 8704K,   0% used [0x6c710000, 0x6c710000, 0x6cf90000)
  from space 1088K,  94% used [0x6d0a0000, 0x6d1a2460, 0x6d1b0000)
  to   space 1088K,   0% used [0x6cf90000, 0x6cf90000, 0x6d0a0000)
 tenured generation   total 21888K, used 11154K [0x7c710000, 0x7dc70000, 0x9c710000)
   the space 21888K,  50% used [0x7c710000, 0x7d1f4860, 0x7d1f4a00, 0x7dc70000)
 compacting perm gen  total 32768K, used 16459K [0x9c710000, 0x9e710000, 0xb4710000)
   the space 32768K,  50% used [0x9c710000, 0x9d722e78, 0x9d723000, 0x9e710000)
No shared spaces configured.
}
Event: 3.537 GC heap before
{Heap before GC invocations=11 (full 0):
 def new generation   total 9792K, used 9737K [0x6c710000, 0x6d1b0000, 0x7c710000)
  eden space 8704K, 100% used [0x6c710000, 0x6cf90000, 0x6cf90000)
  from space 1088K,  94% used [0x6d0a0000, 0x6d1a2460, 0x6d1b0000)
  to   space 1088K,   0% used [0x6cf90000, 0x6cf90000, 0x6d0a0000)
 tenured generation   total 21888K, used 11154K [0x7c710000, 0x7dc70000, 0x9c710000)
   the space 21888K,  50% used [0x7c710000, 0x7d1f4860, 0x7d1f4a00, 0x7dc70000)
 compacting perm gen  total 32768K, used 16761K [0x9c710000, 0x9e710000, 0xb4710000)
   the space 32768K,  51% used [0x9c710000, 0x9d76e4d0, 0x9d76e600, 0x9e710000)
No shared spaces configured.
Event: 3.547 GC heap after
Heap after GC invocations=12 (full 0):
 def new generation   total 9792K, used 748K [0x6c710000, 0x6d1b0000, 0x7c710000)
  eden space 8704K,   0% used [0x6c710000, 0x6c710000, 0x6cf90000)
  from space 1088K,  68% used [0x6cf90000, 0x6d04b368, 0x6d0a0000)
  to   space 1088K,   0% used [0x6d0a0000, 0x6d0a0000, 0x6d1b0000)
 tenured generation   total 21888K, used 12111K [0x7c710000, 0x7dc70000, 0x9c710000)
   the space 21888K,  55% used [0x7c710000, 0x7d2e3ff0, 0x7d2e4000, 0x7dc70000)
 compacting perm gen  total 32768K, used 16761K [0x9c710000, 0x9e710000, 0xb4710000)
   the space 32768K,  51% used [0x9c710000, 0x9d76e4d0, 0x9d76e600, 0x9e710000)
No shared spaces configured.
}
Event: 3.626 GC heap before
{Heap before GC invocations=12 (full 0):
 def new generation   total 9792K, used 9452K [0x6c710000, 0x6d1b0000, 0x7c710000)
  eden space 8704K, 100% used [0x6c710000, 0x6cf90000, 0x6cf90000)
  from space 1088K,  68% used [0x6cf90000, 0x6d04b368, 0x6d0a0000)
  to   space 1088K,   0% used [0x6d0a0000, 0x6d0a0000, 0x6d1b0000)
 tenured generation   total 21888K, used 12111K [0x7c710000, 0x7dc70000, 0x9c710000)
   the space 21888K,  55% used [0x7c710000, 0x7d2e3ff0, 0x7d2e4000, 0x7dc70000)
 compacting perm gen  total 32768K, used 17000K [0x9c710000, 0x9e710000, 0xb4710000)
   the space 32768K,  51% used [0x9c710000, 0x9d7aa100, 0x9d7aa200, 0x9e710000)
No shared spaces configured.
Event: 3.634 GC heap after
Heap after GC invocations=13 (full 0):
 def new generation   total 9792K, used 554K [0x6c710000, 0x6d1b0000, 0x7c710000)
  eden space 8704K,   0% used [0x6c710000, 0x6c710000, 0x6cf90000)
  from space 1088K,  50% used [0x6d0a0000, 0x6d12aa78, 0x6d1b0000)
  to   space 1088K,   0% used [0x6cf90000, 0x6cf90000, 0x6d0a0000)
 tenured generation   total 21888K, used 12805K [0x7c710000, 0x7dc70000, 0x9c710000)
   the space 21888K,  58% used [0x7c710000, 0x7d391588, 0x7d391600, 0x7dc70000)
 compacting perm gen  total 32768K, used 17000K [0x9c710000, 0x9e710000, 0xb4710000)
   the space 32768K,  51% used [0x9c710000, 0x9d7aa100, 0x9d7aa200, 0x9e710000)
No shared spaces configured.
}

